TN:
SF:src/client.ts
FNF:0
FNH:0
DA:1,1
DA:11,1
DA:13,1
DA:15,1
LF:4
LH:4
BRDA:11,0,0,1
BRDA:11,0,1,1
BRDA:13,1,0,0
BRF:3
BRH:2
end_of_record
TN:
SF:src/controllers/auth.controller.ts
FN:12,(anonymous_8)
FN:12,(anonymous_9)
FN:24,(anonymous_10)
FN:24,(anonymous_11)
FN:31,(anonymous_12)
FN:31,(anonymous_13)
FN:36,(anonymous_14)
FN:36,(anonymous_15)
FN:41,(anonymous_16)
FN:41,(anonymous_17)
FN:48,(anonymous_18)
FN:48,(anonymous_19)
FNF:12
FNH:2
FNDA:1,(anonymous_8)
FNDA:1,(anonymous_9)
FNDA:0,(anonymous_10)
FNDA:0,(anonymous_11)
FNDA:0,(anonymous_12)
FNDA:0,(anonymous_13)
FNDA:0,(anonymous_14)
FNDA:0,(anonymous_15)
FNDA:0,(anonymous_16)
FNDA:0,(anonymous_17)
FNDA:0,(anonymous_18)
FNDA:0,(anonymous_19)
DA:1,1
DA:2,1
DA:3,1
DA:9,1
DA:12,1
DA:13,1
DA:14,1
DA:15,1
DA:20,1
DA:21,1
DA:24,1
DA:25,0
DA:26,0
DA:27,0
DA:28,0
DA:31,1
DA:32,0
DA:33,0
DA:36,1
DA:37,0
DA:38,0
DA:41,1
DA:42,0
DA:43,0
DA:44,0
DA:45,0
DA:48,1
DA:49,0
DA:50,0
DA:53,1
LF:30
LH:16
BRF:0
BRH:0
end_of_record
TN:
SF:src/controllers/college.controller.ts
FN:6,(anonymous_8)
FN:6,(anonymous_9)
FNF:2
FNH:0
FNDA:0,(anonymous_8)
FNDA:0,(anonymous_9)
DA:1,1
DA:2,1
DA:3,1
DA:6,1
DA:7,0
DA:8,0
DA:9,0
DA:12,1
LF:8
LH:5
BRF:0
BRH:0
end_of_record
TN:
SF:src/controllers/index.ts
FN:1,(anonymous_1)
FN:2,(anonymous_2)
FN:3,(anonymous_3)
FNF:3
FNH:3
FNDA:6,(anonymous_1)
FNDA:1,(anonymous_2)
FNDA:3,(anonymous_3)
DA:1,7
DA:2,2
DA:3,4
LF:3
LH:3
BRF:0
BRH:0
end_of_record
TN:
SF:src/controllers/post.controller.ts
FN:8,(anonymous_8)
FN:8,(anonymous_9)
FN:21,(anonymous_10)
FN:21,(anonymous_11)
FN:35,(anonymous_12)
FN:35,(anonymous_13)
FNF:6
FNH:0
FNDA:0,(anonymous_8)
FNDA:0,(anonymous_9)
FNDA:0,(anonymous_10)
FNDA:0,(anonymous_11)
FNDA:0,(anonymous_12)
FNDA:0,(anonymous_13)
DA:1,1
DA:2,1
DA:3,1
DA:5,1
DA:6,1
DA:8,1
DA:9,0
DA:10,0
DA:11,0
DA:18,0
DA:21,1
DA:22,0
DA:23,0
DA:24,0
DA:32,0
DA:35,1
DA:36,0
DA:37,0
DA:38,0
DA:43,0
DA:44,0
DA:45,0
DA:46,0
DA:47,0
DA:53,0
DA:56,1
LF:26
LH:9
BRDA:16,0,0,0
BRDA:16,0,1,0
BRDA:16,1,0,0
BRDA:16,1,1,0
BRDA:30,2,0,0
BRDA:30,2,1,0
BRDA:30,3,0,0
BRDA:30,3,1,0
BRDA:37,4,0,0
BRDA:44,5,0,0
BRDA:44,5,1,0
BRF:11
BRH:0
end_of_record
TN:
SF:src/middlewares/auth.ts
FN:9,(anonymous_8)
FN:16,(anonymous_9)
FN:16,(anonymous_10)
FN:36,(anonymous_11)
FN:48,(anonymous_12)
FN:49,(anonymous_13)
FN:49,(anonymous_14)
FN:54,(anonymous_15)
FN:67,(anonymous_16)
FN:68,(anonymous_17)
FNF:10
FNH:1
FNDA:0,(anonymous_8)
FNDA:0,(anonymous_9)
FNDA:0,(anonymous_10)
FNDA:0,(anonymous_11)
FNDA:5,(anonymous_12)
FNDA:0,(anonymous_13)
FNDA:0,(anonymous_14)
FNDA:0,(anonymous_15)
FNDA:0,(anonymous_16)
FNDA:0,(anonymous_17)
DA:1,1
DA:2,1
DA:3,1
DA:4,1
DA:9,1
DA:16,0
DA:17,0
DA:18,0
DA:23,0
DA:27,0
DA:28,0
DA:32,0
DA:34,0
DA:35,0
DA:36,0
DA:37,0
DA:39,0
DA:40,0
DA:44,0
DA:48,1
DA:49,5
DA:50,0
DA:54,0
DA:55,0
DA:67,0
DA:68,0
DA:71,1
LF:27
LH:8
BRDA:14,0,0,0
BRDA:17,1,0,0
BRDA:17,2,0,0
BRDA:17,2,1,0
BRDA:17,2,2,0
BRDA:27,3,0,0
BRDA:27,4,0,0
BRDA:27,4,1,0
BRDA:34,5,0,0
BRDA:35,6,0,0
BRDA:35,6,1,0
BRDA:39,7,0,0
BRDA:39,8,0,0
BRDA:39,8,1,0
BRF:14
BRH:0
end_of_record
TN:
SF:src/middlewares/error.ts
FN:7,(anonymous_1)
FN:25,(anonymous_2)
FNF:2
FNH:0
FNDA:0,(anonymous_1)
FNDA:0,(anonymous_2)
DA:2,1
DA:3,1
DA:4,1
DA:5,1
DA:7,1
DA:13,0
DA:14,0
DA:16,0
DA:19,0
DA:20,0
DA:22,0
DA:25,1
DA:31,0
DA:32,0
DA:34,0
DA:40,0
DA:41,0
DA:44,0
LF:18
LH:6
BRDA:14,0,0,0
BRDA:16,1,0,0
BRDA:16,1,1,0
BRDA:16,2,0,0
BRDA:16,2,1,0
BRDA:19,3,0,0
BRDA:19,3,1,0
BRDA:37,4,0,0
BRDA:37,4,1,0
BRDA:40,5,0,0
BRF:10
BRH:0
end_of_record
TN:
SF:src/middlewares/validate.ts
FN:7,(anonymous_8)
FN:8,(anonymous_9)
FN:8,(anonymous_10)
FN:20,(anonymous_11)
FNF:4
FNH:3
FNDA:7,(anonymous_8)
FNDA:1,(anonymous_9)
FNDA:1,(anonymous_10)
FNDA:0,(anonymous_11)
DA:1,1
DA:2,1
DA:4,1
DA:6,1
DA:7,1
DA:8,7
DA:9,1
DA:10,1
DA:15,1
DA:17,0
DA:18,0
DA:19,0
DA:20,0
DA:22,0
LF:14
LH:9
BRDA:17,0,0,0
BRF:1
BRH:0
end_of_record
TN:
SF:src/routes/v1/auth.route.ts
FNF:0
FNH:0
DA:1,1
DA:2,1
DA:3,1
DA:4,1
DA:5,1
DA:7,1
DA:9,1
DA:15,1
DA:16,1
DA:17,1
DA:26,1
DA:31,1
DA:37,1
LF:13
LH:13
BRF:0
BRH:0
end_of_record
TN:
SF:src/routes/v1/college.route.ts
FNF:0
FNH:0
DA:1,1
DA:2,1
DA:3,1
DA:5,1
DA:7,1
DA:9,1
LF:6
LH:6
BRF:0
BRH:0
end_of_record
TN:
SF:src/routes/v1/index.ts
FN:9,(anonymous_1)
FN:20,(anonymous_2)
FNF:2
FNH:1
FNDA:1,(anonymous_1)
FNDA:0,(anonymous_2)
DA:1,1
DA:2,1
DA:3,1
DA:4,1
DA:6,1
DA:9,1
DA:10,1
DA:11,1
DA:12,1
DA:16,1
DA:17,1
DA:18,1
DA:20,1
DA:21,0
DA:28,1
LF:15
LH:14
BRF:0
BRH:0
end_of_record
TN:
SF:src/routes/v1/post.route.ts
FNF:0
FNH:0
DA:1,1
DA:2,1
DA:3,1
DA:4,1
DA:5,1
DA:7,1
DA:9,1
DA:13,1
DA:21,1
DA:29,1
LF:10
LH:10
BRF:0
BRH:0
end_of_record
TN:
SF:src/services/auth.service.ts
FN:17,(anonymous_8)
FN:20,(anonymous_9)
FN:34,(anonymous_10)
FN:34,(anonymous_11)
FN:56,(anonymous_12)
FN:58,(anonymous_13)
FN:77,(anonymous_14)
FN:77,(anonymous_15)
FNF:8
FNH:0
FNDA:0,(anonymous_8)
FNDA:0,(anonymous_9)
FNDA:0,(anonymous_10)
FNDA:0,(anonymous_11)
FNDA:0,(anonymous_12)
FNDA:0,(anonymous_13)
FNDA:0,(anonymous_14)
FNDA:0,(anonymous_15)
DA:1,1
DA:2,1
DA:3,1
DA:4,1
DA:5,1
DA:6,1
DA:8,1
DA:17,1
DA:20,0
DA:21,0
DA:22,0
DA:23,0
DA:25,0
DA:34,1
DA:35,0
DA:41,0
DA:42,0
DA:44,0
DA:56,1
DA:58,0
DA:59,0
DA:60,0
DA:64,0
DA:65,0
DA:66,0
DA:68,0
DA:77,1
DA:78,0
DA:79,0
DA:83,0
DA:87,0
DA:93,0
DA:97,0
DA:98,0
DA:101,0
DA:105,1
LF:36
LH:12
BRDA:22,0,0,0
BRDA:22,1,0,0
BRDA:22,1,1,0
BRDA:41,2,0,0
BRDA:97,3,0,0
BRF:5
BRH:0
end_of_record
TN:
SF:src/services/college.service.ts
FN:12,(anonymous_8)
FN:12,(anonymous_9)
FN:39,(anonymous_10)
FN:42,(anonymous_11)
FN:45,(anonymous_12)
FN:55,(anonymous_13)
FN:55,(anonymous_14)
FNF:7
FNH:0
FNDA:0,(anonymous_8)
FNDA:0,(anonymous_9)
FNDA:0,(anonymous_10)
FNDA:0,(anonymous_11)
FNDA:0,(anonymous_12)
FNDA:0,(anonymous_13)
FNDA:0,(anonymous_14)
DA:1,1
DA:2,1
DA:3,1
DA:12,1
DA:13,0
DA:14,0
DA:15,0
DA:16,0
DA:17,0
DA:18,0
DA:23,0
DA:30,0
DA:39,1
DA:42,0
DA:43,0
DA:45,0
DA:55,1
DA:56,0
DA:57,0
DA:58,0
DA:59,0
DA:60,0
DA:61,0
DA:67,0
DA:69,0
DA:70,0
DA:76,0
DA:79,0
DA:85,1
LF:29
LH:7
BRDA:14,0,0,0
BRDA:14,1,0,0
BRDA:14,1,1,0
BRDA:17,2,0,0
BRDA:17,2,1,0
BRDA:41,3,0,0
BRDA:57,4,0,0
BRDA:57,5,0,0
BRDA:57,5,1,0
BRDA:60,6,0,0
BRDA:60,6,1,0
BRF:11
BRH:0
end_of_record
TN:
SF:src/services/index.ts
FN:1,(anonymous_1)
FN:2,(anonymous_2)
FN:3,(anonymous_3)
FN:4,(anonymous_4)
FN:5,(anonymous_5)
FN:6,(anonymous_6)
FNF:6
FNH:2
FNDA:1,(anonymous_1)
FNDA:0,(anonymous_2)
FNDA:1,(anonymous_3)
FNDA:0,(anonymous_4)
FNDA:0,(anonymous_5)
FNDA:0,(anonymous_6)
DA:1,2
DA:2,1
DA:3,2
DA:4,1
DA:5,1
DA:6,1
LF:6
LH:6
BRF:0
BRH:0
end_of_record
TN:
SF:src/services/mail.service.ts
FN:16,(anonymous_8)
FN:17,(anonymous_9)
FN:31,(anonymous_10)
FN:31,(anonymous_11)
FN:42,(anonymous_12)
FN:42,(anonymous_13)
FN:58,(anonymous_14)
FN:58,(anonymous_15)
FNF:8
FNH:0
FNDA:0,(anonymous_8)
FNDA:0,(anonymous_9)
FNDA:0,(anonymous_10)
FNDA:0,(anonymous_11)
FNDA:0,(anonymous_12)
FNDA:0,(anonymous_13)
FNDA:0,(anonymous_14)
FNDA:0,(anonymous_15)
DA:1,1
DA:2,1
DA:4,1
DA:13,1
DA:14,0
DA:16,0
DA:18,0
DA:31,1
DA:32,0
DA:33,0
DA:42,1
DA:43,0
DA:45,0
DA:46,0
DA:49,0
DA:58,1
DA:59,0
DA:61,0
DA:62,0
DA:64,0
DA:67,1
LF:21
LH:8
BRDA:13,0,0,0
BRF:1
BRH:0
end_of_record
TN:
SF:src/services/post.service.ts
FN:18,(anonymous_8)
FN:24,(anonymous_9)
FN:48,(anonymous_10)
FN:55,(anonymous_11)
FN:89,(anonymous_12)
FN:101,(anonymous_13)
FN:104,(anonymous_14)
FN:114,(anonymous_15)
FN:133,(anonymous_16)
FN:155,(anonymous_17)
FNF:10
FNH:0
FNDA:0,(anonymous_8)
FNDA:0,(anonymous_9)
FNDA:0,(anonymous_10)
FNDA:0,(anonymous_11)
FNDA:0,(anonymous_12)
FNDA:0,(anonymous_13)
FNDA:0,(anonymous_14)
FNDA:0,(anonymous_15)
FNDA:0,(anonymous_16)
FNDA:0,(anonymous_17)
DA:1,1
DA:2,1
DA:3,1
DA:4,1
DA:18,1
DA:24,0
DA:25,0
DA:48,1
DA:55,0
DA:56,0
DA:57,0
DA:62,0
DA:63,0
DA:68,0
DA:89,1
DA:101,0
DA:102,0
DA:104,0
DA:114,1
DA:133,0
DA:134,0
DA:135,0
DA:136,0
DA:137,0
DA:139,0
DA:153,0
DA:155,0
DA:161,0
DA:162,0
DA:163,0
DA:166,0
DA:173,1
LF:32
LH:9
BRDA:56,0,0,0
BRDA:62,1,0,0
BRDA:91,2,0,0
BRDA:119,3,0,0
BRDA:134,4,0,0
BRDA:134,4,1,0
BRDA:134,5,0,0
BRDA:134,5,1,0
BRDA:134,6,0,0
BRDA:134,6,1,0
BRDA:135,7,0,0
BRDA:135,7,1,0
BRDA:135,8,0,0
BRDA:135,8,1,0
BRDA:135,9,0,0
BRDA:135,9,1,0
BRDA:135,10,0,0
BRDA:135,10,1,0
BRDA:136,11,0,0
BRDA:136,11,1,0
BRDA:136,12,0,0
BRDA:136,12,1,0
BRDA:136,13,0,0
BRDA:136,13,1,0
BRDA:136,14,0,0
BRDA:136,14,1,0
BRDA:137,15,0,0
BRDA:137,15,1,0
BRDA:137,16,0,0
BRDA:137,16,1,0
BRDA:137,17,0,0
BRDA:137,17,1,0
BRDA:137,18,0,0
BRDA:137,18,1,0
BRDA:143,19,0,0
BRDA:143,19,1,0
BRDA:157,20,0,0
BRDA:157,20,1,0
BRDA:162,21,0,0
BRDA:169,22,0,0
BRDA:169,22,1,0
BRDA:169,23,0,0
BRDA:169,23,1,0
BRDA:169,24,0,0
BRDA:169,24,1,0
BRDA:169,25,0,0
BRDA:169,25,1,0
BRF:47
BRH:0
end_of_record
TN:
SF:src/services/token.service.ts
FN:19,(anonymous_8)
FN:42,(anonymous_9)
FN:47,(anonymous_10)
FN:65,(anonymous_11)
FN:65,(anonymous_12)
FN:87,(anonymous_13)
FN:89,(anonymous_14)
FN:126,(anonymous_15)
FN:126,(anonymous_16)
FNF:9
FNH:5
FNDA:2,(anonymous_8)
FNDA:1,(anonymous_9)
FNDA:1,(anonymous_10)
FNDA:0,(anonymous_11)
FNDA:0,(anonymous_12)
FNDA:1,(anonymous_13)
FNDA:1,(anonymous_14)
FNDA:0,(anonymous_15)
FNDA:0,(anonymous_16)
DA:1,1
DA:2,1
DA:6,1
DA:7,1
DA:19,1
DA:25,2
DA:31,2
DA:42,1
DA:47,1
DA:48,1
DA:56,1
DA:65,1
DA:66,0
DA:67,0
DA:68,0
DA:75,0
DA:76,0
DA:78,0
DA:87,1
DA:89,1
DA:90,1
DA:91,1
DA:97,1
DA:98,1
DA:103,1
DA:109,1
DA:126,1
DA:127,0
DA:128,0
DA:133,0
DA:134,0
DA:137,1
LF:32
LH:22
BRDA:23,0,0,2
BRDA:67,1,0,0
BRDA:67,1,1,0
BRDA:67,2,0,0
BRDA:67,2,1,0
BRDA:75,3,0,0
BRF:6
BRH:1
end_of_record
TN:
SF:src/services/user.service.ts
FN:13,(anonymous_8)
FN:18,(anonymous_9)
FN:42,(anonymous_10)
FN:54,(anonymous_11)
FN:57,(anonymous_12)
FN:67,(anonymous_13)
FN:79,(anonymous_14)
FN:82,(anonymous_15)
FN:93,(anonymous_16)
FN:105,(anonymous_17)
FN:108,(anonymous_18)
FN:118,(anonymous_19)
FN:122,(anonymous_20)
FN:133,(anonymous_21)
FNF:14
FNH:8
FNDA:1,(anonymous_8)
FNDA:1,(anonymous_9)
FNDA:1,(anonymous_10)
FNDA:1,(anonymous_11)
FNDA:8,(anonymous_12)
FNDA:0,(anonymous_13)
FNDA:0,(anonymous_14)
FNDA:0,(anonymous_15)
FNDA:1,(anonymous_16)
FNDA:1,(anonymous_17)
FNDA:8,(anonymous_18)
FNDA:0,(anonymous_19)
FNDA:0,(anonymous_20)
FNDA:0,(anonymous_21)
DA:1,1
DA:2,1
DA:3,1
DA:4,1
DA:5,1
DA:13,1
DA:18,1
DA:19,1
DA:20,0
DA:22,1
DA:23,0
DA:26,1
DA:42,1
DA:54,1
DA:55,1
DA:57,8
DA:67,1
DA:79,0
DA:80,0
DA:82,0
DA:93,1
DA:105,1
DA:106,1
DA:108,8
DA:118,1
DA:122,0
DA:123,0
DA:124,0
DA:125,0
DA:127,0
DA:128,0
DA:130,0
DA:133,0
DA:135,0
DA:138,1
LF:35
LH:21
BRDA:17,0,0,1
BRDA:19,1,0,0
BRDA:22,2,0,0
BRDA:44,3,0,1
BRDA:69,4,0,0
BRDA:95,5,0,1
BRDA:121,6,0,0
BRDA:124,7,0,0
BRDA:127,8,0,0
BRDA:127,9,0,0
BRDA:127,9,1,0
BRF:11
BRH:3
end_of_record
TN:
SF:src/utils/ApiError.ts
FN:5,(anonymous_0)
FNF:1
FNH:0
FNDA:0,(anonymous_0)
DA:11,0
DA:12,0
DA:13,0
DA:14,0
DA:15,0
DA:17,0
DA:22,1
LF:7
LH:1
BRDA:8,0,0,0
BRDA:9,1,0,0
BRDA:14,2,0,0
BRDA:14,2,1,0
BRF:4
BRH:0
end_of_record
TN:
SF:src/utils/catchAsync.ts
FN:9,(anonymous_0)
FN:18,(anonymous_1)
FN:23,(anonymous_2)
FNF:3
FNH:2
FNDA:10,(anonymous_0)
FNDA:1,(anonymous_1)
FNDA:0,(anonymous_2)
DA:9,1
DA:18,10
DA:23,1
DA:26,1
LF:4
LH:4
BRF:0
BRH:0
end_of_record
TN:
SF:src/utils/encryption.ts
FN:3,(anonymous_8)
FN:3,(anonymous_9)
FN:8,(anonymous_10)
FN:11,(anonymous_11)
FNF:4
FNH:2
FNDA:1,(anonymous_8)
FNDA:1,(anonymous_9)
FNDA:0,(anonymous_10)
FNDA:0,(anonymous_11)
DA:1,1
DA:3,1
DA:4,1
DA:5,1
DA:8,1
DA:11,0
DA:12,0
LF:7
LH:5
BRF:0
BRH:0
end_of_record
TN:
SF:src/utils/exclude.ts
FN:7,(anonymous_0)
FNF:1
FNH:1
FNDA:1,(anonymous_0)
DA:7,1
DA:11,1
DA:12,3
DA:14,1
DA:17,1
LF:5
LH:5
BRF:0
BRH:0
end_of_record
TN:
SF:src/utils/pick.ts
FN:8,(anonymous_0)
FN:9,(anonymous_1)
FNF:2
FNH:0
FNDA:0,(anonymous_0)
FNDA:0,(anonymous_1)
DA:8,1
DA:9,0
DA:10,0
DA:11,0
DA:13,0
DA:17,1
LF:6
LH:2
BRDA:10,0,0,0
BRDA:10,1,0,0
BRDA:10,1,1,0
BRF:3
BRH:0
end_of_record
TN:
SF:src/validations/auth.validation.ts
FNF:0
FNH:0
DA:1,1
DA:3,1
DA:23,1
DA:30,1
DA:36,1
DA:42,1
DA:48,1
DA:60,1
DA:66,1
LF:9
LH:9
BRF:0
BRH:0
end_of_record
TN:
SF:src/validations/index.ts
FN:1,(anonymous_1)
FN:2,(anonymous_2)
FNF:2
FNH:2
FNDA:5,(anonymous_1)
FNDA:2,(anonymous_2)
DA:1,6
DA:2,3
LF:2
LH:2
BRF:0
BRH:0
end_of_record
TN:
SF:src/validations/post.validation.ts
FNF:0
FNH:0
DA:1,1
DA:3,1
DA:18,1
DA:45,1
LF:4
LH:4
BRF:0
BRH:0
end_of_record
